# Check configuration tokens
# Ensure build layout
# Check configuration tokens
# Preparing build
# Check requirements for android
# Run 'dpkg --version'
# Cwd None
Debian 'dpkg' package management program version 1.19.0.5 (amd64).
This is free software; see the GNU General Public License version 2 or
later for copying conditions. There is NO warranty.
# Search for Git (git)
#  -> found at /usr/bin/git
# Search for Cython (cython)
#  -> found at /home/tom/.local/bin/cython
# Search for Java compiler (javac)
#  -> found at /usr/lib/jvm/java-8-openjdk-amd64/bin/javac
# Search for Java keytool (keytool)
#  -> found at /usr/lib/jvm/java-8-openjdk-amd64/jre/bin/keytool
# Install platform
# Run '/usr/bin/python3 -m pip install -q --user \'appdirs\' \'colorama>=0.3.3\' \'jinja2\' \'six\' \'enum34; python_version<"3.4"\' \'sh>=1.10; sys_platform!="nt"\' \'pep517\' \'pytoml\' \'virtualenv\''
# Cwd None
# Apache ANT found at /home/tom/.buildozer/android/platform/apache-ant-1.9.4
# Android SDK found at /home/tom/.buildozer/android/platform/android-sdk
# Android NDK found at /home/tom/.buildozer/android/platform/android-ndk-r17c
# Check application requirements
# Check garden requirements
# Compile platform
# Run '/usr/bin/python3 -m pythonforandroid.toolchain create --dist_name=signin --bootstrap=sdl2 --requirements=python3,sqlite3,kivy,pyjnius,jnius --arch armeabi-v7a --copy-libs --color=always --storage-dir="/mnt/c/Users/caver/Documents/GitHub/sign-in/.buildozer/android/platform/build" --ndk-api=21'
# Cwd /mnt/c/Users/caver/Documents/GitHub/sign-in/.buildozer/android/platform/python-for-android
/mnt/c/Users/caver/Documents/GitHub/sign-in/.buildozer/android/platform/python-for-android/pythonforandroid/toolchain.py:84: DeprecationWarning: the imp module is deprecated in favour of importlib; see the module's documentation for alternative uses
  import imp
[1m[INFO][0m:    Will compile for the following archs: armeabi-v7a
[1m[INFO][0m:    Found Android API target in $ANDROIDAPI: 28
[1m[INFO][0m:    Available Android APIs are (28)
[1m[INFO][0m:    Requested API target 28 is available, continuing.
[1m[INFO][0m:    Found NDK dir in $ANDROIDNDK: /home/tom/.buildozer/android/platform/android-ndk-r17c
[1m[INFO][0m:    Found NDK revision 17.2.4988734
[1m[INFO][0m:    Getting NDK API version (i.e. minimum supported API) from user argument
[1m[INFO][0m:    Found virtualenv at /home/tom/.local/bin/virtualenv
[1m[INFO][0m:    ccache is missing, the build will not be optimized in the future.
[1m[INFO][0m:    Found the following toolchain versions: ['4.9']
[1m[INFO][0m:    Picking the latest gcc toolchain, here 4.9
[1m[INFO][0m:    Of the existing distributions, the following meet the given requirements:
[1m[INFO][0m:    	[32m[1msignin[0m: min API 21, includes recipes ([32mhostpython3, libffi, openssl, sdl2_image, sdl2_mixer, sdl2_ttf, sqlite3, python3, sdl2, six, pyjnius, android, kivy, jnius[0m), built for archs ([34marmeabi-v7a[0m)
[1m[INFO][0m:    [1m[94msignin has compatible recipes, using this one[0m
# Build the application #7
# Copy application source from /mnt/c/Users/caver/Documents/GitHub/sign-in
# Create directory /mnt/c/Users/caver/Documents/GitHub/sign-in/.buildozer/android/app
# Copy /mnt/c/Users/caver/Documents/GitHub/sign-in/datepicker.py
# Copy /mnt/c/Users/caver/Documents/GitHub/sign-in/main.kv
# Copy /mnt/c/Users/caver/Documents/GitHub/sign-in/main.py
# Copy /mnt/c/Users/caver/Documents/GitHub/sign-in/main_before_sqlite.py
# Copy /mnt/c/Users/caver/Documents/GitHub/sign-in/main_sqlite_attempt.py
# Copy /mnt/c/Users/caver/Documents/GitHub/sign-in/roster.csv
# Copy /mnt/c/Users/caver/Documents/GitHub/sign-in/sign-inSun May 5 2019 09
# Copy /mnt/c/Users/caver/Documents/GitHub/sign-in/sign-in_Sun_May_5_2019_10
# Copy /mnt/c/Users/caver/Documents/GitHub/sign-in/sign-in_testEvent_Sun_May_5_2019_10
# Copy /mnt/c/Users/caver/Documents/GitHub/sign-in/timepicker.py
# Create directory /mnt/c/Users/caver/Documents/GitHub/sign-in/.buildozer/android/app/circularlayout
# Copy /mnt/c/Users/caver/Documents/GitHub/sign-in/circularlayout/LICENSE
# Copy /mnt/c/Users/caver/Documents/GitHub/sign-in/circularlayout/screenshot.png
# Copy /mnt/c/Users/caver/Documents/GitHub/sign-in/circularlayout/__init__.py
# Create directory /mnt/c/Users/caver/Documents/GitHub/sign-in/.buildozer/android/app/images
# Copy /mnt/c/Users/caver/Documents/GitHub/sign-in/images/backspace_white.png
# Copy /mnt/c/Users/caver/Documents/GitHub/sign-in/images/gear_white.png
# Copy /mnt/c/Users/caver/Documents/GitHub/sign-in/images/keyboard.png
# Copy /mnt/c/Users/caver/Documents/GitHub/sign-in/images/keyboard_white.png
# Copy /mnt/c/Users/caver/Documents/GitHub/sign-in/images/keypad.png
# Copy /mnt/c/Users/caver/Documents/GitHub/sign-in/images/keypad_64x64_white.png
# Copy /mnt/c/Users/caver/Documents/GitHub/sign-in/images/list.png
# Copy /mnt/c/Users/caver/Documents/GitHub/sign-in/images/list_64x64_white.png
# Copy /mnt/c/Users/caver/Documents/GitHub/sign-in/images/logo.jpg
# Copy /mnt/c/Users/caver/Documents/GitHub/sign-in/images/lookup_white.png
# Copy /mnt/c/Users/caver/Documents/GitHub/sign-in/images/more.png
# Copy /mnt/c/Users/caver/Documents/GitHub/sign-in/images/more_white.png
# Copy /mnt/c/Users/caver/Documents/GitHub/sign-in/images/switch.jpg
# Copy /mnt/c/Users/caver/Documents/GitHub/sign-in/images/switch_slider.jpg
# Package the application
# Captured version: 1.0
# project.properties updated
# Gradle project detected, copy files /mnt/c/Users/caver/Documents/GitHub/sign-in/.buildozer/android/platform/build/dists/signin/src/main/java
# Run '/usr/bin/python3 -m pythonforandroid.toolchain apk --debug --bootstrap=sdl2 --dist_name signin --name \'SAR Sign-In\' --version 1.0 --package org.test.signin --android_api 28 --minsdk 21 --ndk-api 21 --private /mnt/c/Users/caver/Documents/GitHub/sign-in/.buildozer/android/app --permission INTERNET --permission WRITE_EXTERNAL_STORAGE --permission READ_EXTERNAL_STORAGE --permission WAKE_LOCK --orientation portrait --window --wakelock --copy-libs --arch armeabi-v7a --color=always --storage-dir="/mnt/c/Users/caver/Documents/GitHub/sign-in/.buildozer/android/platform/build" --ndk-api=21'
# Cwd /mnt/c/Users/caver/Documents/GitHub/sign-in/.buildozer/android/platform/python-for-android
/mnt/c/Users/caver/Documents/GitHub/sign-in/.buildozer/android/platform/python-for-android/pythonforandroid/toolchain.py:84: DeprecationWarning: the imp module is deprecated in favour of importlib; see the module's documentation for alternative uses
  import imp
[1m[INFO][0m:    Will compile for the following archs: armeabi-v7a
[1m[INFO][0m:    Getting Android API version from user argument: 28
[1m[INFO][0m:    Available Android APIs are (28)
[1m[INFO][0m:    Requested API target 28 is available, continuing.
[1m[INFO][0m:    Found NDK dir in $ANDROIDNDK: /home/tom/.buildozer/android/platform/android-ndk-r17c
[1m[INFO][0m:    Found NDK revision 17.2.4988734
[1m[INFO][0m:    Getting NDK API version (i.e. minimum supported API) from user argument
[1m[INFO][0m:    Found virtualenv at /home/tom/.local/bin/virtualenv
[1m[INFO][0m:    ccache is missing, the build will not be optimized in the future.
[1m[INFO][0m:    Found the following toolchain versions: ['4.9']
[1m[INFO][0m:    Picking the latest gcc toolchain, here 4.9
[1m[INFO][0m:    Of the existing distributions, the following meet the given requirements:
[1m[INFO][0m:    	[32m[1msignin[0m: min API 21, includes recipes ([32mhostpython3, libffi, openssl, sdl2_image, sdl2_mixer, sdl2_ttf, sqlite3, python3, sdl2, six, pyjnius, android, kivy, jnius[0m), built for archs ([34marmeabi-v7a[0m)
[1m[INFO][0m:    [1m[94msignin has compatible recipes, using this one[0m
[1m[INFO][0m:    Of the existing distributions, the following meet the given requirements:
[1m[INFO][0m:    	[32m[1msignin[0m: min API 21, includes recipes ([32mhostpython3, libffi, openssl, sdl2_image, sdl2_mixer, sdl2_ttf, sqlite3, python3, sdl2, six, pyjnius, android, kivy, jnius[0m), built for archs ([34marmeabi-v7a[0m)
[1m[INFO][0m:    [1m[94msignin has compatible recipes, using this one[0m
[1m[INFO][0m:    [36m-> directory context /mnt/c/Users/caver/Documents/GitHub/sign-in/.buildozer/android/platform/build/dists/signin[39m
Listing '/tmp/p4a-extra-env-hvv5vb49'...
Listing '/mnt/c/Users/caver/Documents/GitHub/sign-in/.buildozer/android/app'...
Listing '/mnt/c/Users/caver/Documents/GitHub/sign-in/.buildozer/android/app/_applibs'...
Listing '/mnt/c/Users/caver/Documents/GitHub/sign-in/.buildozer/android/app/circularlayout'...
Compiling '/mnt/c/Users/caver/Documents/GitHub/sign-in/.buildozer/android/app/circularlayout/__init__.py'...
Compiling '/mnt/c/Users/caver/Documents/GitHub/sign-in/.buildozer/android/app/datepicker.py'...
Listing '/mnt/c/Users/caver/Documents/GitHub/sign-in/.buildozer/android/app/images'...
Compiling '/mnt/c/Users/caver/Documents/GitHub/sign-in/.buildozer/android/app/main.py'...
Compiling '/mnt/c/Users/caver/Documents/GitHub/sign-in/.buildozer/android/app/main_before_sqlite.py'...
Compiling '/mnt/c/Users/caver/Documents/GitHub/sign-in/.buildozer/android/app/main_sqlite_attempt.py'...
Compiling '/mnt/c/Users/caver/Documents/GitHub/sign-in/.buildozer/android/app/sitecustomize.py'...
Compiling '/mnt/c/Users/caver/Documents/GitHub/sign-in/.buildozer/android/app/timepicker.py'...
Listing '/mnt/c/Users/caver/Documents/GitHub/sign-in/.buildozer/android/platform/build/dists/signin/_python_bundle'...
Listing '/mnt/c/Users/caver/Documents/GitHub/sign-in/.buildozer/android/platform/build/dists/signin/_python_bundle/_python_bundle'...
Listing '/mnt/c/Users/caver/Documents/GitHub/sign-in/.buildozer/android/platform/build/dists/signin/_python_bundle/_python_bundle/modules'...
Listing '/mnt/c/Users/caver/Documents/GitHub/sign-in/.buildozer/android/platform/build/dists/signin/_python_bundle/_python_bundle/site-packages'...
Listing '/mnt/c/Users/caver/Documents/GitHub/sign-in/.buildozer/android/platform/build/dists/signin/_python_bundle/_python_bundle/site-packages/android'...
Listing '/mnt/c/Users/caver/Documents/GitHub/sign-in/.buildozer/android/platform/build/dists/signin/_python_bundle/_python_bundle/site-packages/jnius'...
Listing '/mnt/c/Users/caver/Documents/GitHub/sign-in/.buildozer/android/platform/build/dists/signin/_python_bundle/_python_bundle/site-packages/jnius/src'...
Listing '/mnt/c/Users/caver/Documents/GitHub/sign-in/.buildozer/android/platform/build/dists/signin/_python_bundle/_python_bundle/site-packages/jnius/src/org'...
Listing '/mnt/c/Users/caver/Documents/GitHub/sign-in/.buildozer/android/platform/build/dists/signin/_python_bundle/_python_bundle/site-packages/jnius/src/org/jnius'...
Listing '/mnt/c/Users/caver/Documents/GitHub/sign-in/.buildozer/android/platform/build/dists/signin/_python_bundle/_python_bundle/site-packages/kivy'...
Listing '/mnt/c/Users/caver/Documents/GitHub/sign-in/.buildozer/android/platform/build/dists/signin/_python_bundle/_python_bundle/site-packages/kivy/core'...
Listing '/mnt/c/Users/caver/Documents/GitHub/sign-in/.buildozer/android/platform/build/dists/signin/_python_bundle/_python_bundle/site-packages/kivy/core/audio'...
Listing '/mnt/c/Users/caver/Documents/GitHub/sign-in/.buildozer/android/platform/build/dists/signin/_python_bundle/_python_bundle/site-packages/kivy/core/camera'...
Listing '/mnt/c/Users/caver/Documents/GitHub/sign-in/.buildozer/android/platform/build/dists/signin/_python_bundle/_python_bundle/site-packages/kivy/core/clipboard'...
Listing '/mnt/c/Users/caver/Documents/GitHub/sign-in/.buildozer/android/platform/build/dists/signin/_python_bundle/_python_bundle/site-packages/kivy/core/gl'...
Listing '/mnt/c/Users/caver/Documents/GitHub/sign-in/.buildozer/android/platform/build/dists/signin/_python_bundle/_python_bundle/site-packages/kivy/core/image'...
Listing '/mnt/c/Users/caver/Documents/GitHub/sign-in/.buildozer/android/platform/build/dists/signin/_python_bundle/_python_bundle/site-packages/kivy/core/spelling'...
Listing '/mnt/c/Users/caver/Documents/GitHub/sign-in/.buildozer/android/platform/build/dists/signin/_python_bundle/_python_bundle/site-packages/kivy/core/text'...
Listing '/mnt/c/Users/caver/Documents/GitHub/sign-in/.buildozer/android/platform/build/dists/signin/_python_bundle/_python_bundle/site-packages/kivy/core/video'...
Listing '/mnt/c/Users/caver/Documents/GitHub/sign-in/.buildozer/android/platform/build/dists/signin/_python_bundle/_python_bundle/site-packages/kivy/core/window'...
Listing '/mnt/c/Users/caver/Documents/GitHub/sign-in/.buildozer/android/platform/build/dists/signin/_python_bundle/_python_bundle/site-packages/kivy/data'...
Listing '/mnt/c/Users/caver/Documents/GitHub/sign-in/.buildozer/android/platform/build/dists/signin/_python_bundle/_python_bundle/site-packages/kivy/data/fonts'...
Listing '/mnt/c/Users/caver/Documents/GitHub/sign-in/.buildozer/android/platform/build/dists/signin/_python_bundle/_python_bundle/site-packages/kivy/data/glsl'...
Listing '/mnt/c/Users/caver/Documents/GitHub/sign-in/.buildozer/android/platform/build/dists/signin/_python_bundle/_python_bundle/site-packages/kivy/data/images'...
Listing '/mnt/c/Users/caver/Documents/GitHub/sign-in/.buildozer/android/platform/build/dists/signin/_python_bundle/_python_bundle/site-packages/kivy/data/keyboards'...
Listing '/mnt/c/Users/caver/Documents/GitHub/sign-in/.buildozer/android/platform/build/dists/signin/_python_bundle/_python_bundle/site-packages/kivy/data/logo'...
Listing '/mnt/c/Users/caver/Documents/GitHub/sign-in/.buildozer/android/platform/build/dists/signin/_python_bundle/_python_bundle/site-packages/kivy/deps'...
Listing '/mnt/c/Users/caver/Documents/GitHub/sign-in/.buildozer/android/platform/build/dists/signin/_python_bundle/_python_bundle/site-packages/kivy/effects'...
Listing '/mnt/c/Users/caver/Documents/GitHub/sign-in/.buildozer/android/platform/build/dists/signin/_python_bundle/_python_bundle/site-packages/kivy/extras'...
Listing '/mnt/c/Users/caver/Documents/GitHub/sign-in/.buildozer/android/platform/build/dists/signin/_python_bundle/_python_bundle/site-packages/kivy/garden'...
Listing '/mnt/c/Users/caver/Documents/GitHub/sign-in/.buildozer/android/platform/build/dists/signin/_python_bundle/_python_bundle/site-packages/kivy/graphics'...
Listing '/mnt/c/Users/caver/Documents/GitHub/sign-in/.buildozer/android/platform/build/dists/signin/_python_bundle/_python_bundle/site-packages/kivy/graphics/cgl_backend'...
Listing '/mnt/c/Users/caver/Documents/GitHub/sign-in/.buildozer/android/platform/build/dists/signin/_python_bundle/_python_bundle/site-packages/kivy/include'...
Listing '/mnt/c/Users/caver/Documents/GitHub/sign-in/.buildozer/android/platform/build/dists/signin/_python_bundle/_python_bundle/site-packages/kivy/input'...
Listing '/mnt/c/Users/caver/Documents/GitHub/sign-in/.buildozer/android/platform/build/dists/signin/_python_bundle/_python_bundle/site-packages/kivy/input/postproc'...
Listing '/mnt/c/Users/caver/Documents/GitHub/sign-in/.buildozer/android/platform/build/dists/signin/_python_bundle/_python_bundle/site-packages/kivy/input/providers'...
Listing '/mnt/c/Users/caver/Documents/GitHub/sign-in/.buildozer/android/platform/build/dists/signin/_python_bundle/_python_bundle/site-packages/kivy/lang'...
Listing '/mnt/c/Users/caver/Documents/GitHub/sign-in/.buildozer/android/platform/build/dists/signin/_python_bundle/_python_bundle/site-packages/kivy/lib'...
Listing '/mnt/c/Users/caver/Documents/GitHub/sign-in/.buildozer/android/platform/build/dists/signin/_python_bundle/_python_bundle/site-packages/kivy/lib/gstplayer'...
Listing '/mnt/c/Users/caver/Documents/GitHub/sign-in/.buildozer/android/platform/build/dists/signin/_python_bundle/_python_bundle/site-packages/kivy/lib/vidcore_lite'...
Listing '/mnt/c/Users/caver/Documents/GitHub/sign-in/.buildozer/android/platform/build/dists/signin/_python_bundle/_python_bundle/site-packages/kivy/modules'...
Listing '/mnt/c/Users/caver/Documents/GitHub/sign-in/.buildozer/android/platform/build/dists/signin/_python_bundle/_python_bundle/site-packages/kivy/network'...
Listing '/mnt/c/Users/caver/Documents/GitHub/sign-in/.buildozer/android/platform/build/dists/signin/_python_bundle/_python_bundle/site-packages/kivy/storage'...
Listing '/mnt/c/Users/caver/Documents/GitHub/sign-in/.buildozer/android/platform/build/dists/signin/_python_bundle/_python_bundle/site-packages/kivy/tools'...
Listing '/mnt/c/Users/caver/Documents/GitHub/sign-in/.buildozer/android/platform/build/dists/signin/_python_bundle/_python_bundle/site-packages/kivy/tools/gles_compat'...
Listing '/mnt/c/Users/caver/Documents/GitHub/sign-in/.buildozer/android/platform/build/dists/signin/_python_bundle/_python_bundle/site-packages/kivy/tools/highlight'...
Listing '/mnt/c/Users/caver/Documents/GitHub/sign-in/.buildozer/android/platform/build/dists/signin/_python_bundle/_python_bundle/site-packages/kivy/tools/packaging'...
Listing '/mnt/c/Users/caver/Documents/GitHub/sign-in/.buildozer/android/platform/build/dists/signin/_python_bundle/_python_bundle/site-packages/kivy/tools/packaging/pyinstaller_hooks'...
Listing '/mnt/c/Users/caver/Documents/GitHub/sign-in/.buildozer/android/platform/build/dists/signin/_python_bundle/_python_bundle/site-packages/kivy/tools/pep8checker'...
Listing '/mnt/c/Users/caver/Documents/GitHub/sign-in/.buildozer/android/platform/build/dists/signin/_python_bundle/_python_bundle/site-packages/kivy/tools/theming'...
Listing '/mnt/c/Users/caver/Documents/GitHub/sign-in/.buildozer/android/platform/build/dists/signin/_python_bundle/_python_bundle/site-packages/kivy/tools/theming/defaulttheme'...
Listing '/mnt/c/Users/caver/Documents/GitHub/sign-in/.buildozer/android/platform/build/dists/signin/_python_bundle/_python_bundle/site-packages/kivy/uix'...
Listing '/mnt/c/Users/caver/Documents/GitHub/sign-in/.buildozer/android/platform/build/dists/signin/_python_bundle/_python_bundle/site-packages/kivy/uix/behaviors'...
Listing '/mnt/c/Users/caver/Documents/GitHub/sign-in/.buildozer/android/platform/build/dists/signin/_python_bundle/_python_bundle/site-packages/kivy/uix/recycleview'...
[1m[INFO][0m:    Selecting java build tool:
[1m[INFO][0m:    Detected highest available build tools version to be 29.0.2
[1m[INFO][0m:        Building with gradle, as gradle executable is present
[1m[90m[DEBUG][39m[0m:   [90m->[0m running gradlew assembleDebug[0m
[1m[90m[DEBUG][39m[0m:   	[0mStarting a Gradle Daemon (subsequent builds will be faster)
[1m[90m[DEBUG][39m[0m:   	
[1m[90m[DEBUG][39m[0m:   	
[1m[90m[DEBUG][39m[0m:   	[2A[1B[1m> Starting Daemon[m[17D[1B[1A[1m> Starting Daemon[m[17D[1B[1A[1m> Starting Daemon[m[17D[1B[1A[1m> Starting Daemon[m[17D[1B[1A[1m> Starting Daemon[m[17D[1B[1A[1m> Starting Daemon[m[17D[1B[1A[1m> Starting Daemon[m[17D[1B[1A[1m> Starting Daemon[m[17D[1B[1A[1m> Starting Daemon[m[17D[1B[1A[1m> Starting Daemon[m[17D[1B[1A[1m> Starting Daemon[m[17D[1B[1A[1m> Starting Daemon[m[17D[1B[1A[1m> Starting Daemon[m[17D[1B[1A[1m> Starting Daemon[m[17D[1B[1A[1m> Starting Daemon[m[17D[1B[1A[1m> Starting Daemon[m[17D[1B[1A[1m> Starting Daemon[m[17D[1B[1A[1m> Starting Daemon[m[17D[1B[1A[1m> Starting Daemon[m[17D[1B[1A[1m> Starting Daemon[m[17D[1B[1A[1m> Starting Daemon[m[17D[1B[1A[1m> Starting Daemon[m[17D[1B[1A[1m> Starting Daemon[m[17D[1B[1A[1m> Starting Daemon[m[17D[1B[1A[1m> Starting Daemon[m[17D[1B[1A[1m> Starting Daemon[m[17D[1B[1A[1m> Starting Daemon[m[17D[1B[1A[1m> Starting Daemon[m[17D[1B[1A[1m> Starting Daemon[m[17D[1B[1A[1m> Starting Daemon[m[17D[1B[1A[1m> Starting Daemon[m[17D[1B[1A[1m> Starting Daemon[m[17D[1B[1A[1m> Starting Daemon[m[17D[1B[1A[1m> Starting Daemon[m[17D[1B[1A[1m> Starting Daemon[m[17D[1B[1A[1m> Starting Daemon[m[17D[1B[1A[1m> Starting Daemon[m[17D[1B[1A[1m> Starting Daemon[m[17D[1B[1A[1m> Starting Daemon[m[17D[1B[1A[1m> Starting Daemon[m[17D[1B[1A[1m> Starting Daemon[m[17D[1B[1A[1m> Starting Daemon[m[17D[1B[1A[1m> Starting Daemon[m[17D[1B[1A[1m> Starting Daemon[m[17D[1B[1A[1m> Starting Daemon[m[17D[1B[1A[1m> Starting Daemon[m[17D[1B[1A[1m> Starting Daemon[m[17D[1B[1A[1m> Starting Daemon[m[17D[1B[1A[1m> Starting Daemon[m[17D[1B[1A[1m> Starting Daemon[m[17D[1B[1A[1m> Starting Daemon[m[17D[1B[1A[1m> Starting Daemon[m[17D[1B[1A[1m> Starting Daemon[m[17D[1B[1A[1m> Starting Daemon[m[17D[1B[1A[1m> Starting Daemon[m[17D[1B[1A[1m> Starting Daemon[m[17D[1B[1A[1m> Starting Daemon[m[17D[1B[1A[1m> Starting Daemon[m[17D[1B[1A[1m> Starting Daemon[m[17D[1B[1A[1m> Starting Daemon[m[17D[1B[1A[1m> Starting Daemon[m[17D[1B[1A[1m> Starting Daemon[m[17D[1B[1A[1m> Starting Daemon[m[17D[1B[1A[1m> Starting Daemon[m[17D[1B[1A[1m> Starting Daemon[m[17D[1B[1A[1m> Starting Daemon[m[17D[1B[1A[1m> Starting Daemon[m[17D[1B[1A[1m> Starting Daemon[m[17D[1B[1A[1m> Starting Daemon[m[17D[1B[1A[1m> Starting Daemon[m[17D[1B[1A[1m> Starting Daemon[m[17D[1B[1A[1m> Starting Daemon[m[17D[1B[1A[1m> Starting Daemon[m[17D[1B[1A[1m> Starting Daemon[m[17D[1B[1A[1m> Starting Daemon[m[17D[1B[1A[1m> Starting Daemon[m[17D[1B[1A[1m> Starting Daemon[m[17D[1B[1A[1m> Starting Daemon[m[17D[1B[1A[1m> Starting Daemon[m[17D[1B[1A[1m> Starting Daemon[m[17D[1B[1A[1m> Starting Daemon[m[17D[1B[1A[1m> Starting Daemon[m[17D[1B[1A[1m> Starting Daemon[m[17D[1B[1A[1m> Starting Daemon[m[17D[1B[1A[1m> Starting Daemon[m[17D[1B[1A[1m> Starting Daemon[m[17D[1B[1A[1m> Starting Daemon[m[17D[1B[1A[1m> Starting Daemon[m[17D[1B[1A[1m> Starting Daemon[m[17D[1B[1A[1m> Starting Daemon[m[17D[1B[1A[1m> Starting Daemon[m[17D[1B[1A[1m> Starting Daemon[m[17D[1B[1A[1m> Starting Daemon[m[17D[1B[1A[1m> Starting Daemon[m[17D[1B[1A[1m> Starting Daemon[m[17D[1B[1A[1m> Starting Daemon[m[17D[1B[1A[1m> Starting Daemon[m[17D[1B[1A[1m> Starting Daemon[m[17D[1B[1A[1m> Starting Daemon[m[17D[1B[1A[1m> Starting Daemon[m[17D[1B[1A[1m> Starting Daemon[m[17D[1B[1A[1m> Starting Daemon[m[17D[1B[1A[1m> Starting Daemon[m[17D[1B[1A[1m> Starting Daemon[m[17D[1B[1A[1m> Starting Daemon[m[17D[1B[1A[1m> Starting Daemon[m[17D[1B[1A[1m> Starting Daemon[m[17D[1B[1A[1m> Starting Daemon[m[17D[1B[1A[1m> Starting Daemon[m[17D[1B[1A[1m> Starting Daemon[m[17D[1B[1A[1m> Starting Daemon[m[17D[1B[1A[1m> Starting Daemon[m[17D[1B[1A[1m> Starting Daemon[m[17D[1B[1A[1m> Starting Daemon[m[17D[1B[1A[1m> Starting Daemon[m[17D[1B[1A[1m> Starting Daemon[m[17D[1B[1A[1m> Starting Daemon[m[17D[1B[1A[1m> Starting Daemon[m[17D[1B[1A[1m> Starting Daemon[m[17D[1B[1A[1m> Starting Daemon[m[17D[1B[1A[1m> Starting Daemon[m[17D[1B[1A[1m> Starting Daemon[m[17D[1B[1A[1m> Starting Daemon[m[17D[1B[1A[1m> Starting Daemon[m[17D[1B[1A[1m> Starting Daemon[m[17D[1B[1A[1m> Starting Daemon[m[17D[1B[1A[1m> Starting Daemon[m[17D[1B[1A[1m> Starting Daemon[m[17D[1B[1A[1m> Starting Daemon[m[17D[1B[1A[1m> Starting Daemon[m[17D[1B[1A[1m> Starting Daemon[m[17D[1B[1A[1m> Starting Daemon[m[17D[1B[1A[1m> Starting Daemon[m[17D[1B[1A[1m> Starting Daemon[m[17D[1B[1A[1m> Starting Daemon[m[17D[1B[1A[1m> Starting Daemon[m[17D[1B[1A[1m> Starting Daemon[m[17D[1B[1A[1m> Starting Daemon[m[17D[1B[1A[1m> Starting Daemon[m[17D[1B[1A[1m> Starting Daemon[m[17D[1B[1A[1m> Starting Daemon[m[17D[1B[1A[1m> Starting Daemon[m[17D[1B[1A[1m> Starting Daemon[m[17D[1B[1A[1m> Starting Daemon[m[17D[1B[1A[1m> Starting Daemon[m[17D[1B[1A[1m> Starting Daemon[m[17D[1B[1A[1m> Starting Daemon[m[17D[1B[1A[1m> Starting Daemon[m[17D[1B[1A[1m> Starting Daemon[m[17D[1B[1A[1m> Starting Daemon[m[17D[1B[1A[1m> Starting Daemon[m[17D[1B[1A[1m> Starting Daemon[m[17D[1B[1A[1m> Starting Daemon[m[17D[1B[1A[1m> Starting Daemon[m[17D[1B[1A[1m> Starting Daemon[m[17D[1B[1A[1m> Starting Daemon[m[17D[1B[1A[1m> Starting Daemon[m[17D[1B[1A[1m> Starting Daemon[m[17D[1B[1A[1m> Starting Daemon[m[17D[1B[1A[1m> Starting Daemon[m[17D[1B[1A[1m> Starting Daemon[m[17D[1B[1A[1m> Starting Daemon[m[17D[1B[1A[1m> Starting Daemon[m[17D[1B[1A[1m> Starting Daemon[m[17D[1B[1A[1m> Starting Daemon[m[17D[1B[1A[1m> Starting Daemon[m[17D[1B[1A[1m> Starting Daemon[m[17D[1B[1A[1m> Starting Daemon[m[17D[1B[1A[1m> Starting Daemon[m[17D[1B[1A[1m> Starting Daemon[m[17D[1B[1A[1m> Starting Daemon[m[17D[1B[1A[1m> Starting Daemon[m[17D[1B[1A[1m> Starting Daemon[m[17D[1B[1A[1m> Starting Daemon[m[17D[1B[1A[1m> Starting Daemon[m[17D[1B[1A[1m> Starting Daemon[m[17D[1B[1A[1m> Starting Daemon[m[17D[1B[1A[1m> Starting Daemon[m[17D[1B[1A[1m> Starting Daemon[m[17D[1B[1A[1m> Starting Daemon[m[17D[1B[1A[1m> Starting Daemon[m[17D[1B[1A[1m> Starting Daemon[m[17D[1B[1A[1m> Starting Daemon[m[17D[1B[1A[1m> Starting Daemon[m[17D[1B[1A[1m> Starting Daemon[m[17D[1B[1A[1m> Starting Daemon[m[17D[1B[1A[1m> Starting Daemon[m[17D[1B[1A[1m> Starting Daemon[m[17D[1B[1A[1m> Starting Daemon[m[17D[1B[1A[1m> Starting Daemon[m[17D[1B[1A[1m> Starting Daemon[m[17D[1B[1A[1m> Starting Daemon[m[17D[1B[1A[1m> Starting Daemon[m[17D[1B[1A[1m> Starting Daemon[m[17D[1B[1A[1m> Starting Daemon[m[17D[1B[1A[1m> Starting Daemon[m[17D[1B[1A[1m> Starting Daemon[m[17D[1B[1A[1m> Starting Daemon[m[17D[1B[1A[1m> Starting Daemon[m[17D[1B[1A[1m> Starting Daemon[m[17D[1B[1A[1m> Starting Daemon[m[17D[1B[1A[1m> Starting Daemon[m[17D[1B[1A[1m> Starting Daemon[m[17D[1B[1A[1m> Starting Daemon[m[17D[1B[1A[1m> Starting Daemon[m[17D[1B[1A[1m> Starting Daemon[m[17D[1B[1A[1m> Starting Daemon[m[17D[1B[1A[1m> Starting Daemon[m[17D[1B[1A[1m> Starting Daemon[m[17D[1B[1A[1m> Starting Daemon[m[17D[1B[1A[1m> Starting Daemon[m[17D[1B[1A[1m> Starting Daemon[m[17D[1B[1A[1m> Starting Daemon[m[17D[1B[1A[1m> Starting Daemon[m[17D[1B[1A[1m> Starting Daemon[m[17D[1B[1A[1m> Starting Daemon[m[17D[1B[1A[1m> Starting Daemon[m[17D[1B[1A[1m> Starting Daemon[m[17D[1B[1A[1m> Starting Daemon[m[17D[1B[1A[1m> Starting Daemon[m[17D[1B[1A[1m> Starting Daemon[m[17D[1B[1A[1m> Starting Daemon[m[17D[1B[1A[1m> Starting Daemon[m[17D[1B[1A[1m> Starting Daemon[m[17D[1B[1A[1m> Starting Daemon[m[17D[1B[1A[1m> Starting Daemon[m[17D[1B[1A[1m> Starting Daemon[m[17D[1B[1A[1m> Starting Daemon[m[17D[1B[1A[1m> Starting Daemon[m[17D[1B[1A[1m> Starting Daemon[m[17D[1B[1A[1m> Starting Daemon[m[17D[1B[1A[1m> Starting Daemon[m[17D[1B[1A[1m> Starting Daemon[m[17D[1B[1A[1m> Starting Daemon[m[17D[1B[1A[1m> Starting Daemon[m[17D[1B[1A[1m> Starting Daemon[m[17D[1B[1A[1m> Starting Daemon[m[17D[1B[1A[1m> Starting Daemon[m[17D[1B[1A[1m> Starting Daemon[m[17D[1B[1A[1m> Starting Daemon[m[17D[1B[1A[1m> Starting Daemon[m[17D[1B[1A[1m> Starting Daemon[m[17D[1B[1A[1m> Starting Daemon[m[17D[1B[1A[1m> Starting Daemon[m[17D[1B[1A[1m> Starting Daemon[m[17D[1B[1A[1m> Starting Daemon[m[17D[1B[1A[1m> Starting Daemon[m[17D[1B[1A[1m> Starting Daemon[m[17D[1B[1A[1m> Starting Daemon[m[17D[1B[1A[1m> Starting Daemon[m[17D[1B[1A[1m> Starting Daemon[m[17D[1B[1A[1m> Starting Daemon[m[17D[1B[1A[1m> Starting Daemon[m[17D[1B[1A[1m> Starting Daemon[m[17D[1B[1A[1m> Starting Daemon[m[17D[1B[1A[1m> Starting Daemon[m[17D[1B[1A[1m> Starting Daemon[m[17D[1B[1A[1m> Starting Daemon[m[17D[1B[1A[1m> Starting Daemon[m[17D[1B[1A[1m> Starting Daemon[m[17D[1B[1A[1m> Starting Daemon[m[17D[1B[1A[1m> Starting Daemon[m[17D[1B[1A[1m> Starting Daemon[m[17D[1B[1A[1m> Starting Daemon[m[17D[1B[1A[1m> Starting Daemon[m[17D[1B[1A[1m> Starting Daemon[m[17D[1B[1A[1m> Starting Daemon[m[17D[1B[1A[1m> Starting Daemon[m[17D[1B[1A[1m> Starting Daemon[m[17D[1B[1A[1m> Starting Daemon[m[17D[1B[1A[1m> Starting Daemon[m[17D[1B[1A[1m> Starting Daemon[m[17D[1B[1A[1m> Starting Daemon[m[17D[1B[1A[1m> Starting Daemon[m[17D[1B[1A[1m> Starting Daemon[m[17D[1B[1A[1m> Starting Daemon[m[17D[1B[1A[1m> Starting Daemon[m[17D[1B[1A[1m> Starting Daemon[m[17D[1B[1A[1m> Starting Daemon[m[17D[1B[1A[1m> Starting Daemon[m[17D[1B[1A[1m> Starting Daemon[m[17D[1B[1A[1m> Starting Daemon[m[17D[1B[1A[1m> Starting Daemon[m[17D[1B[1A[1m> Starting Daemon[m[17D[1B[1A[1m> Starting Daemon[m[17D[1B[1A[1m> Starting Daemon[m[17D[1B[1A[1m> Starting Daemon[m[17D[1B[1A[1m> Starting Daemon[m[17D[1B[1A[1m> Starting Daemon[m[17D[1B[1A[1m> Starting Daemon[m[17D[1B[1A[1m> Starting Daemon[m[17D[1B[1A[1m> Starting Daemon[m[17D[1B[1A[1m> Starting Daemon[m[17D[1B[1A[1m> Starting Daemon[m[17D[1B[1A[1m> Starting Daemon[m[17D[1B[1A[1m> Starting Daemon[m[17D[1B[1A[1m> Starting Daemon[m[17D[1B[1A[1m> Starting Daemon[m[17D[1B[1A[1m> Starting Daemon[m[17D[1B[1A[1m> Starting Daemon[m[17D[1B[1A[1m> Starting Daemon[m[17D[1B[1A[1m> Starting Daemon[m[17D[1B[1A[1m> Starting Daemon[m[17D[1B[1A[1m> Starting Daemon[m[17D[1B[1A[1m> Starting Daemon[m[17D[1B[1A[1m> Starting Daemon[m[17D[1B[1A[1m> Starting Daemon[m[17D[1B[1A[1m> Starting Daemon[m[17D[1B[1A[1m> Starting Daemon[m[17D[1B[1A[1m> Starting Daemon[m[17D[1B[1A[1m> Starting Daemon[m[17D[1B[1A[1m> Starting Daemon[m[17D[1B[1A[1m> Starting Daemon[m[17D[1B[1A[1m> Starting Daemon[m[17D[1B[1A[1m> Starting Daemon[m[17D[1B[1A[1m> Starting Daemon[m[17D[1B[1A[1m> Starting Daemon[m[17D[1B[1A[1m> Starting Daemon[m[17D[1B[1A[1m> Starting Daemon[m[17D[1B[1A[1m> Starting Daemon[m[17D[1B[1A[1m> Starting Daemon[m[17D[1B[1A[1m> Starting Daemon[m[17D[1B[1A[1m> Starting Daemon[m[17D[1B[1A[1m> Starting Daemon[m[17D[1B[1A[1m> Starting Daemon[m[17D[1B[1A[1m> Starting Daemon[m[17D[1B[1A[1m> Starting Daemon[m[17D[1B[1A[1m> Starting Daemon[m[17D[1B[1A[1m> Starting Daemon[m[17D[1B[1A[1m> Starting Daemon[m[17D[1B[1A[1m> Starting Daemon[m[17D[1B[1A[1m> Starting Daemon[m[17D[1B[1A[1m> Starting Daemon[m[17D[1B[1A[1m> Starting Daemon[m[17D[1B[1A[1m> Starting Daemon[m[17D[1B[1A[1m> Starting Daemon[m[17D[1B[1A[1m> Starting Daemon[m[17D[1B[1A[1m> Starting Daemon[m[17D[1B[1A[1m> Starting Daemon[m[17D[1B[1A[1m> Starting Daemon[m[17D[1B[1A[1m> Starting Daemon[m[17D[1B[1A[1m> Starting Daemon[m[17D[1B[1A[1m> Starting Daemon[m[17D[1B[1A[1m> Starting Daemon[m[17D[1B[1A[1m> Starting Daemon[m[17D[1B[1A[1m> Starting Daemon[m[17D[1B[1A[1m> Starting Daemon[m[17D[1B[1A[1m> Starting Daemon[m[17D[1B[1A[1m> Starting Daemon[m[17D[1B[1A[1m> Starting Daemon[m[17D[1B[1A[1m> Starting Daemon[m[17D[1B[1A[1m> Starting Daemon[m[17D[1B[1A[1m> Starting Daemon[m[17D[1B[1A[1m> Starting Daemon[m[17D[1B[1A[1m> Starting Daemon[m[17D[1B[1A[1m> Starting Daemon[m[17D[1B[1A[1m> Starting Daemon[m[17D[1B[1A[1m> Starting Daemon[m[17D[1B[1A[1m> Starting Daemon[m[17D[1B[1A[1m> Starting Daemon[m[17D[1B[1A[1m> Starting Daemon[m[17D[1B[1A[1m> Starting Daemon[m[17D[1B[1A[1m> Starting Daemon[m[17D[1B[1A[1m> Starting Daemon[m[17D[1B[1A[1m> Starting Daemon[m[17D[1B[1A[1m> Starting Daemon[m[17D[1B[1A[1m> Starting Daemon[m[17D[1B[1A[1m> Starting Daemon[m[17D[1B[1A[1m> Starting Daemon[m[17D[1B[1A[1m> Starting Daemon[m[17D[1B[1A[1m> Starting Daemon[m[17D[1B[1A[1m> Starting Daemon[m[17D[1B[1A[1m> Starting Daemon[m[17D[1B[1A[1m> Starting Daemon[m[17D[1B[1A[1m> Starting Daemon[m[17D[1B[1A[1m> Starting Daemon[m[17D[1B[1A[1m> Starting Daemon[m[17D[1B[1A[1m> Starting Daemon[m[17D[1B[1A[1m> Starting Daemon[m[17D[1B[1A[1m> Starting Daemon[m[17D[1B[1A[1m> Starting Daemon[m[17D[1B[1A[1m> Starting Daemon[m[17D[1B[1A[1m> Starting Daemon[m[17D[1B[1A[1m> Starting Daemon[m[17D[1B[1A[1m> Starting Daemon[m[17D[1B[1A[1m> Starting Daemon[m[17D[1B[1A[1m> Starting Daemon[m[17D[1B[1A[1m> Starting Daemon[m[17D[1B[1A[1m> Starting Daemon[m[17D[1B[1A[1m> Starting Daemon[m[17D[1B[1A[1m> Starting Daemon[m[17D[1B[1A[1m> Starting Daemon[m[17D[1B[1A[1m> Starting Daemon[m[17D[1B[1A[1m> Starting Daemon[m[17D[1B[1A[1m> Starting Daemon[m[17D[1B[1A[1m> Starting Daemon[m[17D[1B[1A[1m> Starting Daemon[m[17D[1B[1A[1m> Starting Daemon[m[17D[1B[1A[1m> Starting Daemon[m[17D[1B[1A[1m> Starting Daemon[m[17D[1B[1A[1m> Starting Daemon > Connecting to Daemon[m[40D[1B[1A> IDLE[0K[6D[1B[2A[1m<[0;32;1;0;39;1m-------------> 0% INITIALIZING [0s][m[36D[1B[1m> settings[m[10D[1B[2A[1m<[0;32;1;0;39;1m-------------> 0% INITIALIZING [0s][m[36D[1B[1m> settings[m[10D[1B[2A[1m<[0;32;1;0;39;1m-------------> 0% INITIALIZING [0s][m[36D[1B[1m> settings[m[10D[1B[2A[1m<[0;32;1;0;39;1m-------------> 0% INITIALIZING [0s][m[36D[1B[1m> settings[m[10D[1B[2A[1m<[0;32;1;0;39;1m-------------> 0% INITIALIZING [0s][m[36D[1B[1m> settings[m[10D[1B[2A[1m<[0;32;1;0;39;1m-------------> 0% [m[0K[19D[1B[1m> loading[m[0K[9D[1B[2A[1m<[0;32;1;0;39;1m-------------> 0% [m[19D[1B[1m> loading[m[9D[1B[2A[1m<[0;32;1;0;39;1m-------------> 0% [m[19D[1B[1m> loading[m[9D[1B[2A[1m<[0;32;1;0;39;1m-------------> 0% [m[19D[1B[1m> loading[m[9D[1B[2A[1m<[0;32;1;0;39;1m-------------> 0% [m[19D[1B[1m> loading[m[9D[1B[2A[1m<[0;32;1;0;39;1m-------------> 0% [m[19D[1B[1m> loading[m[9D[1B[2A[1m<[0;32;1;0;39;1m-------------> 0% CONFIGURING [1s][m[35D[1B[1m> root project[m[14D[1B[2A[1m<[0;32;1;0;39;1m-------------> 0% CONFIGURING [1s][m[35D[1B[1m> root project[m[14D[1B[2A[1m<[0;32;1;0;39;1m-------------> 0% CONFIGURING [1s][m[35D[1B[1m> root project[m[14D[1B[2A[1m<[0;32;1;0;39;1m-------------> 0% CONFIGURING [1s][m[35D[1B[1m> root project[m[14D[1B[2A[1m<[0;32;1;0;39;1m-------------> 0% CONFIGURING [1s][m[35D[1B[1m> root project[m[14D[1B[2A[1m<[0;32;1;0;39;1m-------------> 0% CONFIGURING [1s][m[35D[1B[1m> root project[m[14D[1B[2A[1m<[0;32;1;0;39;1m-------------> 0% CONFIGURING [1s][m[35D[1B[1m> root project[m[14D[1B[2A[1m<[0;32;1;0;39;1m-------------> 0% CONFIGURING [2s][m[35D[1B[1m> root project[m[14D[1B[2A[1m<[0;32;1;0;39;1m-------------> 0% CONFIGURING [2s][m[35D[1B[1m> root project[m[14D[1B[2A[1m<[0;32;1;0;39;1m-------------> 0% CONFIGURING [2s][m[35D[1B[1m> root project[m[14D[1B[2A[1m<[0;32;1;0;39;1m-------------> 0% CONFIGURING [2s][m[35D[1B[1m> root project > Resolve dependencies of :classpath[m[51D[1B[2A[1m<[0;32;1;0;39;1m-------------> 0% CONFIGURING [2s][m[35D[1B[1m> root project > Resolve dependencies of :classpath[m[51D[1B[2A[1m<[0;32;1;0;39;1m-------------> 0% CONFIGURING [2s][m[35D[1B[1m> root project > Resolve dependencies of :classpath[m[51D[1B[2A[1m<[0;32;1;0;39;1m-------------> 0% CONFIGURING [2s][m[35D[1B[1m> root project > Resolve dependencies of :classpath[m[51D[1B[2A[1m<[0;32;1;0;39;1m-------------> 0% CONFIGURING [2s][m[35D[1B[1m> root project > Resolve dependencies of :classpath[m[51D[1B[2A[1m<[0;32;1;0;39;1m-------------> 0% CONFIGURING [2s][m[35D[1B[1m> root project > Resolve dependencies of :classpath[m[51D[1B[2A[1m<[0;32;1;0;39;1m-------------> 0% CONFIGURING [2s][m[35D[1B[1m> root project > Resolve dependencies of :classpath[m[51D[1B[2A[1m<[0;32;1;0;39;1m-------------> 0% CONFIGURING [3s][m[35D[1B[1m> root project > Resolve dependencies of :classpath[m[51D[1B[2A[1m<[0;32;1;0;39;1m-------------> 0% CONFIGURING [3s][m[35D[1B[1m> root project > Resolve dependencies of :classpath[m[51D[1B[2A[1m<[0;32;1;0;39;1m-------------> 0% CONFIGURING [3s][m[35D[1B[1m> root project > Resolve dependencies of :classpath[m[51D[1B[2A[1m<[0;32;1;0;39;1m-------------> 0% CONFIGURING [3s][m[35D[1B[1m> root project > Resolve dependencies of :classpath[m[51D[1B[2A[1m<[0;32;1;0;39;1m-------------> 0% CONFIGURING [3s][m[35D[1B[1m> root project > Resolve dependencies of :classpath[m[51D[1B[2A[1m<[0;32;1;0;39;1m-------------> 0% CONFIGURING [3s][m[35D[1B[1m> root project > Resolve dependencies of :classpath[m[51D[1B[2A[1m<[0;32;1;0;39;1m-------------> 0% CONFIGURING [3s][m[35D[1B[1m> root project > Resolve files of :classpath[m[0K[44D[1B[2A[1m<[0;32;1;0;39;1m-------------> 0% CONFIGURING [3s][m[35D[1B[1m> root project > Resolve files of :classpath[m[44D[1B[2A[1m<[0;32;1;0;39;1m-------------> 0% CONFIGURING [3s][m[35D[1B[1m> root project > Resolve files of :classpath[m[44D[1B[2A[1m<[0;32;1;0;39;1m-------------> 0% CONFIGURING [3s][m[35D[1B[1m> root project > Resolve files of :classpath[m[44D[1B[2A[1m<[0;32;1;0;39;1m-------------> 0% CONFIGURING [4s][m[35D[1B[1m> root project[m[0K[14D[1B[2A[1m<[0;32;1;0;39;1m-------------> 0% CONFIGURING [4s][m[35D[1B[1m> root project[m[14D[1B[2A[1m<[0;32;1;0;39;1m-------------> 0% CONFIGURING [4s][m[35D[1B[1m> root project[m[14D[1B[2A[1m<[0;32;1;0;39;1m-------------> 0% CONFIGURING [4s][m[35D[1B[1m> root project[m[14D[1B[2A[1m<[0;32;1;0;39;1m-------------> 0% CONFIGURING [4s][m[35D[1B[1m> root project[m[14D[1B[2A[1m<[0;32;1;0;39;1m-------------> 0% CONFIGURING [4s][m[35D[1B[1m> root project[m[14D[1B[2A[1m<[0;32;1;0;39;1m-------------> 0% CONFIGURING [4s][m[35D[1B[1m> root project[m[14D[1B[2A[1m<[0;32;1;0;39;1m-------------> 0% CONFIGURING [4s][m[35D[1B[1m> root project[m[14D[1B[2A[1m<[0;32;1;0;39;1m-------------> 0% CONFIGURING [4s][m[35D[1B[1m> root project[m[14D[1B[2A[1m<[0;32;1;0;39;1m-------------> 0% CONFIGURING [4s][m[35D[1B[1m> root project[m[14D[1B[2A[1m<[0;32;1;0;39;1m-------------> 0% CONFIGURING [5s][m[35D[1B[1m> root project[m[14D[1B[2A[1m<[0;32;1;0;39;1m-------------> 0% CONFIGURING [5s][m[35D[1B[1m> root project[m[14D[1B[2A[1m<[0;32;1;0;39;1m-------------> 0% CONFIGURING [5s][m[35D[1B[1m> root project[m[14D[1B[2A[1m<[0;32;1;0;39;1m-------------> 0% CONFIGURING [5s][m[35D[1B[1m> root project[m[14D[1B[2A[1m<[0;32;1;0;39;1m-------------> 0% CONFIGURING [5s][m[35D[1B[1m> root project[m[14D[1B[2A[1m<[0;32;1;0;39;1m-------------> 0% CONFIGURING [5s][m[35D[1B[1m> root project[m[14D[1B[2A[1m<[0;32;1;0;39;1m-------------> 0% CONFIGURING [5s][m[35D[1B[1m> root project[m[14D[1B[2A[1m<[0;32;1;0;39;1m-------------> 0% CONFIGURING [5s][m[35D[1B[1m> root project[m[14D[1B[2A[1m<[0;32;1;0;39;1m-------------> 0% CONFIGURING [5s][m[35D[1B[1m> root project[m[14D[1B[2A[1m<[0;32;1;0;39;1m-------------> 0% CONFIGURING [5s][m[35D[1B[1m> root project[m[14D[1B[2A[1m<[0;32;1;0;39;1m-------------> 0% CONFIGURING [6s][m[35D[1B[1m> root project[m[14D[1B[2A[1m<[0;32;1;0;39;1m-------------> 0% CONFIGURING [6s][m[35D[1B[1m> root project[m[14D[1B[2A[1m<[0;32;1;0;39;1m-------------> 0% CONFIGURING [6s][m[35D[1B[1m> root project[m[14D[1B[2A[1m<[0;32;1;0;39;1m-------------> 0% CONFIGURING [6s][m[35D[1B[1m> root project[m[14D[1B[2A[1m<[0;32;1;0;39;1m-------------> 0% CONFIGURING [6s][m[35D[1B[1m> root project[m[14D[1B[2A[1m<[0;32;1;0;39;1m-------------> 0% CONFIGURING [6s][m[35D[1B[1m> root project[m[14D[1B[2A[1m<[0;32;1;0;39;1m-------------> 0% CONFIGURING [6s][m[35D[1B[1m> root project[m[14D[1B[2A[1m<[0;32;1;0;39;1m-------------> 0% CONFIGURING [6s][m[35D[1B[1m> root project[m[14D[1B[2A[1m<[0;32;1;0;39;1m-------------> 0% CONFIGURING [6s][m[35D[1B[1m> root project[m[14D[1B[2A[1m<[0;32;1;0;39;1m-------------> 0% CONFIGURING [6s][m[35D[1B[1m> root project[m[14D[1B[2A[1m<[0;32;1;0;39;1m-------------> 0% CONFIGURING [7s][m[35D[1B[1m> root project[m[14D[1B[2A[1m<[0;32;1;0;39;1m-------------> 0% CONFIGURING [7s][m[35D[1B[1m> root project[m[14D[1B[2A[1m<[0;32;1;0;39;1m-------------> 0% CONFIGURING [7s][m[35D[1B[1m> root project[m[14D[1B[2A[1m<[0;32;1;0;39;1m-------------> 0% CONFIGURING [7s][m[35D[1B[1m> root project[m[14D[1B[2A[1m<[0;32;1;0;39;1m-------------> 0% CONFIGURING [7s][m[35D[1B[1m> root project[m[14D[1B[2A[1m<[0;32;1;0;39;1m-------------> 0% CONFIGURING [7s][m[35D[1B[1m> root project[m[14D[1B[2A[1m<[0;32;1;0;39;1m-------------> 0% CONFIGURING [7s][m[35D[1B[1m> root project[m[14D[1B[2A[1m<[0;32;1;0;39;1m-------------> 0% CONFIGURING [7s][m[35D[1B[1m> root project[m[14D[1B[2A[1m<[0;32;1;0;39;1m-------------> 0% CONFIGURING [7s][m[35D[1B[1m> root project[m[14D[1B[2A[1m<[0;32;1;0;39;1m-------------> 0% CONFIGURING [7s][m[35D[1B[1m> root project[m[14D[1B[2A[1m<[0;32;1;0;39;1m-------------> 0% CONFIGURING [7s][m[35D[1B[1m> root project[m[14D[1B[2A[1m<[0;32;1;0;39;1m-------------> 0% CONFIGURING [8s][m[35D[1B[1m> root project[m[14D[1B[2A[1m<[0;32;1;0;39;1m-------------> 0% CONFIGURING [8s][m[35D[1B[1m> root project[m[14D[1B[2A[1m<[0;32;1;0;39;1m-------------> 0% CONFIGURING [8s][m[35D[1B[1m> root project[m[14D[1B[2A[1m<[0;32;1;0;39;1m-------------> 0% CONFIGURING [8s][m[35D[1B[1m> root project[m[14D[1B[2A[1m<[0;32;1;0;39;1m-------------> 0% CONFIGURING [8s][m[35D[1B[1m> root project[m[14D[1B[2A[1m<[0;32;1;0;39;1m-------------> 0% CONFIGURING [8s][m[35D[1B[1m> root project[m[14D[1B[2A[1m<[0;32;1;0;39;1m-------------> 0% CONFIGURING [8s][m[35D[1B[1m> root project[m[14D[1B[2A[1m<[0;32;1;0;39;1m-------------> 0% CONFIGURING [8s][m[35D[1B[1m> root project[m[14D[1B[2A[1m<[0;32;1;0;39;1m-------------> 0% CONFIGURING [8s][m[35D[1B[1m> root project[m[14D[1B[2A[1m<[0;32;1;0;39;1m-------------> 0% CONFIGURING [9s][m[35D[1B[1m> root project[m[14D[1B[2A[1m<[0;32;1;0;39;1m-------------> 0% CONFIGURING [9s][m[35D[1B[1m> root project[m[14D[1B[2A[1m<[0;32;1;0;39;1m-------------> 0% CONFIGURING [9s][m[35D[1B[1m> root project[m[14D[1B[2A[1m<[0;32;1;0;39;1m-------------> 0% CONFIGURING [9s][m[35D[1B[1m> root project[m[14D[1B[2A[1m<[0;32;1;0;39;1m-------------> 0% CONFIGURING [9s][m[35D[1B[1m> root project[m[14D[1B[2A[1m<[0;32;1;0;39;1m-------------> 0% CONFIGURING [9s][m[35D[1B[1m> root project[m[14D[1B[2A[1m<[0;32;1;0;39;1m-------------> 0% CONFIGURING [9s][m[35D[1B[1m> root project[m[14D[1B[2A[1m<[0;32;1;0;39;1m-------------> 0% CONFIGURING [9s][m[35D[1B[1m> root project[m[14D[1B[2A[1m<[0;32;1;0;39;1m-------------> 0% CONFIGURING [9s][m[35D[1B[1m> root project[m[14D[1B[2A[1m<[0;32;1;0;39;1m-------------> 0% CONFIGURING [9s][m[35D[1B[1m> root project[m[14D[1B[2A[1m<[0;32;1;0;39;1m-------------> 0% CONFIGURING [10s][m[36D[1B[1m> root project[m[14D[1B[2A[1m<[0;32;1;0;39;1m-------------> 0% CONFIGURING [10s][m[36D[1B[1m> root project[m[14D[1B[2A[1m<[0;32;1;0;39;1m-------------> 0% CONFIGURING [10s][m[36D[1B[1m> root project[m[14D[1B[2A[1m<[0;32;1;0;39;1m-------------> 0% CONFIGURING [10s][m[36D[1B[1m> root project[m[14D[1B[2A[1m<[0;32;1;0;39;1m-------------> 0% CONFIGURING [10s][m[36D[1B[1m> root project[m[14D[1B[2A[1m<[0;32;1;0;39;1m-------------> 0% CONFIGURING [10s][m[36D[1B[1m> root project[m[14D[1B[2A[1m<[0;32;1;0;39;1m-------------> 0% CONFIGURING [10s][m[36D[1B[1m> root project[m[14D[1B[2A[1m<[0;32;1;0;39;1m-------------> 0% CONFIGURING [10s][m[36D[1B[1m> root project[m[14D[1B[2A[1m<[0;32;1;0;39;1m-------------> 0% CONFIGURING [10s][m[36D[1B[1m> root project[m[14D[1B[2A[1m<[0;32;1;0;39;1m-------------> 0% CONFIGURING [10s][m[36D[1B[1m> root project[m[14D[1B[2A[1m<[0;32;1;0;39;1m-------------> 0% CONFIGURING [11s][m[36D[1B[1m> root project[m[14D[1B[2A[1m<[0;32;1;0;39;1m-------------> 0% CONFIGURING [11s][m[36D[1B[1m> root project[m[14D[1B[2A[1m<[0;32;1;0;39;1m-------------> 0% CONFIGURING [11s][m[36D[1B[1m> root project[m[14D[1B[2A[1m<[0;32;1;0;39;1m-------------> 0% CONFIGURING [11s][m[36D[1B[1m> root project[m[14D[1B[2A[1m<[0;32;1;0;39;1m-------------> 0% CONFIGURING [11s][m[36D[1B[1m> root project[m[14D[1B[2A[1m<[0;32;1;0;39;1m-------------> 0% CONFIGURING [11s][m[36D[1B[1m> root project[m[14D[1B[2A[1m<[0;32;1;0;39;1m-------------> 0% CONFIGURING [11s][m[36D[1B[1m> root project[m[14D[1B[2A[1m<[0;32;1;0;39;1m-------------> 0% CONFIGURING [11s][m[36D[1B[1m> root project[m[14D[1B[2A[1m<[0;32;1;0;39;1m-------------> 0% CONFIGURING [11s][m[36D[1B[1m> root project[m[14D[1B[2A[1m<[0;32;1;0;39;1m-------------> 0% CONFIGURING [11s][m[36D[1B[1m> root project[m[14D[1B[2A[1m<[0;32;1;0;39;1m-------------> 0% CONFIGURING [12s][m[36D[1B[1m> root project[m[14D[1B[2A[1m<[0;32;1;0;39;1m-------------> 0% CONFIGURING [12s][m[36D[1B[1m> root project[m[14D[1B[2A[1m<[0;32;1;0;39;1m-------------> 0% CONFIGURING [12s][m[36D[1B[1m> root project[m[14D[1B[2A[1m<[0;32;1;0;39;1m-------------> 0% CONFIGURING [12s][m[36D[1B[1m> root project[m[14D[1B[2A[1m<[0;32;1;0;39;1m-------------> 0% CONFIGURING [12s][m[36D[1B[1m> root project[m[14D[1B[2A[1m<[0;32;1;0;39;1m-------------> 0% CONFIGURING [12s][m[36D[1B[1m> root project[m[14D[1B[2A[1m<[0;32;1;0;39;1m-------------> 0% CONFIGURING [12s][m[36D[1B[1m> root project[m[14D[1B[2A[1m<[0;32;1;0;39;1m-------------> 0% CONFIGURING [12s][m[36D[1B[1m> root project[m[14D[1B[2A[1m<[0;32;1;0;39;1m-------------> 0% CONFIGURING [12s][m[36D[1B[1m> root project[m[14D[1B[2A[1m<[0;32;1;0;39;1m-------------> 0% CONFIGURING [12s][m[36D[1B[1m> root project[m[14D[1B[2A[1m<[0;32;1;0;39;1m-------------> 0% CONFIGURING [13s][m[36D[1B[1m> root project[m[14D[1B[2A[1m<[0;32;1;0;39;1m-------------> 0% CONFIGURING [13s][m[36D[1B[1m> root project[m[14D[1B[2A[1m<[0;32;1;0;39;1m-------------> 0% CONFIGURING [13s][m[36D[1B[1m> root project[m[14D[1B[2A[1m<[0;32;1;0;39;1m-------------> 0% CONFIGURING [13s][m[36D[1B[1m> root project[m[14D[1B[2A[1m<[0;32;1;0;39;1m-------------> 0% CONFIGURING [13s][m[36D[1B[1m> root project[m[14D[1B[2A[1m<[0;32;1;0;39;1m-------------> 0% CONFIGURING [13s][m[36D[1B[1m> root project[m[14D[1B[2A[1m<[0;32;1;0;39;1m-------------> 0% CONFIGURING [13s][m[36D[1B[1m> root project[m[14D[1B[2A[1m<[0;32;1;0;39;1m-------------> 0% CONFIGURING [13s][m[36D[1B[1m> root project[m[14D[1B[2A[1m<[0;32;1;0;39;1m-------------> 0% CONFIGURING [13s][m[36D[1B[1m> root project[m[14D[1B[2A[1m<[0;32;1;0;39;1m-------------> 0% CONFIGURING [13s][m[36D[1B[1m> root project[m[14D[1B[2A[1m<[0;32;1;0;39;1m-------------> 0% CONFIGURING [14s][m[36D[1B[1m> root project[m[14D[1B[2A[1m<[0;32;1;0;39;1m-------------> 0% CONFIGURING [14s][m[36D[1B[1m> root project[m[14D[1B[2A[1m<[0;32;1;0;39;1m-------------> 0% CONFIGURING [14s][m[36D[1B[1m> root project[m[14D[1B[2A[1m<[0;32;1;0;39;1m-------------> 0% CONFIGURING [14s][m[36D[1B[1m> root project[m[14D[1B[2A[1m<[0;32;1;0;39;1m-------------> 0% CONFIGURING [14s][m[36D[1B[1m> root project[m[14D[1B[2A[1m<[0;32;1;0;39;1m-------------> 0% CONFIGURING [14s][m[36D[1B[1m> root project[m[14D[1B[2A[1m<[0;32;1;0;39;1m-------------> 0% CONFIGURING [14s][m[36D[1B[1m> root project[m[14D[1B[2A[1m<[0;32;1;0;39;1m-------------> 0% CONFIGURING [14s][m[36D[1B[1m> root project[m[14D[1B[2A[1m<[0;32;1;0;39;1m-------------> 0% CONFIGURING [14s][m[36D[1B[1m> root project[m[14D[1B[2A[1m<[0;32;1;0;39;1m-------------> 0% CONFIGURING [14s][m[36D[1B[1m> root project[m[14D[1B[2A[1m<[0;32;1;0;39;1m-------------> 0% CONFIGURING [15s][m[36D[1B[1m> root project[m[14D[1B[2A[1m<[0;32;1;0;39;1m-------------> 0% CONFIGURING [15s][m[36D[1B[1m> root project[m[14D[1B[2A[1m<[0;32;1;0;39;1m-------------> 0% CONFIGURING [15s][m[36D[1B[1m> root project[m[14D[1B[2A[1m<[0;32;1;0;39;1m-------------> 0% CONFIGURING [15s][m[36D[1B[1m> root project[m[14D[1B[2A[1m<[0;32;1;0;39;1m-------------> 0% CONFIGURING [15s][m[36D[1B[1m> root project[m[14D[1B[2A[1m<[0;32;1;0;39;1m-------------> 0% CONFIGURING [15s][m[36D[1B[1m> root project[m[14D[1B[2A[1m<[0;32;1;0;39;1m-------------> 0% CONFIGURING [15s][m[36D[1B[1m> root project[m[14D[1B[2A[1m<[0;32;1;0;39;1m-------------> 0% CONFIGURING [15s][m[36D[1B[1m> root project[m[14D[1B[2A[1m<[0;32;1;0;39;1m-------------> 0% CONFIGURING [15s][m[36D[1B[1m> root project[m[14D[1B[2A[1m<[0;32;1;0;39;1m-------------> 0% CONFIGURING [15s][m[36D[1B[1m> root project[m[14D[1B[2A[1m<[0;32;1;0;39;1m-------------> 0% CONFIGURING [16s][m[36D[1B[1m> root project[m[14D[1B[2A[1m<[0;32;1;0;39;1m-------------> 0% CONFIGURING [16s][m[36D[1B[1m> root project[m[14D[1B[2A[1m<[0;32;1;0;39;1m-------------> 0% CONFIGURING [16s][m[36D[1B[1m> root project[m[14D[1B[2A[1m<[0;32;1;0;39;1m-------------> 0% CONFIGURING [16s][m[36D[1B[1m> root project[m[14D[1B[2A[1m<[0;32;1;0;39;1m-------------> 0% CONFIGURING [16s][m[36D[1B[1m> root project[m[14D[1B[2A[1m<[0;32;1;0;39;1m-------------> 0% CONFIGURING [16s][m[36D[1B[1m> root project[m[14D[1B[2A[1m<[0;32;1;0;39;1m-------------> 0% CONFIGURING [16s][m[36D[1B[1m> root project[m[14D[1B[2A[1m<[0;32;1;0;39;1m-------------> 0% CONFIGURING [16s][m[36D[1B[1m> root project[m[14D[1B[2A[1m<[0;32;1;0;39;1m-------------> 0% CONFIGURING [16s][m[36D[1B[1m> root project[m[14D[1B[2A[1m<[0;32;1;0;39;1m-------------> 0% CONFIGURING [16s][m[36D[1B[1m> root project[m[14D[1B[2A[1m<[0;32;1;0;39;1m-------------> 0% CONFIGURING [17s][m[36D[1B[1m> root project[m[14D[1B[2A[1m<[0;32;1;0;39;1m-------------> 0% CONFIGURING [17s][m[36D[1B[1m> root project[m[14D[1B[2A[1m<[0;32;1;0;39;1m-------------> 0% CONFIGURING [17s][m[36D[1B[1m> root project[m[14D[1B[2A[1m<[0;32;1;0;39;1m-------------> 0% CONFIGURING [17s][m[36D[1B[1m> root project[m[14D[1B[2A[1m<[0;32;1;0;39;1m-------------> 0% CONFIGURING [17s][m[36D[1B[1m> root project[m[14D[1B[2A[1m<[0;32;1;0;39;1m-------------> 0% CONFIGURING [17s][m[36D[1B[1m> root project[m[14D[1B[2A[1m<[0;32;1;0;39;1m-------------> 0% CONFIGURING [17s][m[36D[1B[1m> root project[m[14D[1B[2A[1m<[0;32;1;0;39;1m-------------> 0% CONFIGURING [17s][m[36D[1B[1m> root project[m[14D[1B[2A[1m<[0;32;1;0;39;1m-------------> 0% CONFIGURING [17s][m[36D[1B[1m> root project[m[14D[1B[2A[1m<[0;32;1;0;39;1m-------------> 0% CONFIGURING [17s][m[36D[1B[1m> root project[m[14D[1B[2A[1m<[0;32;1;0;39;1m-------------> 0% CONFIGURING [18s][m[36D[1B[1m> root project[m[14D[1B[2A[1m<[0;32;1;0;39;1m-------------> 0% CONFIGURING [18s][m[36D[1B[1m> root project[m[14D[1B[2A[1m<[0;32;1;0;39;1m-------------> 0% CONFIGURING [18s][m[36D[1B[1m> root project[m[14D[1B[2A[1m<[0;32;1;0;39;1m-------------> 0% CONFIGURING [18s][m[36D[1B[1m> root project[m[14D[1B[2A[1m<[0;32;1;0;39;1m-------------> 0% CONFIGURING [18s][m[36D[1B[1m> root project[m[14D[1B[2A[1m<[0;32;1;0;39;1m-------------> 0% CONFIGURING [18s][m[36D[1B[1m> root project[m[14D[1B[2A[1m<[0;32;1;0;39;1m-------------> 0% CONFIGURING [18s][m[36D[1B[1m> root project[m[14D[1B[2A[1m<[0;32;1;0;39;1m-------------> 0% CONFIGURING [18s][m[36D[1B[1m> root project[m[14D[1B[2A[1m<[0;32;1;0;39;1m-------------> 0% CONFIGURING [18s][m[36D[1B[1m> root project[m[14D[1B[2A[1m<[0;32;1;0;39;1m-------------> 0% CONFIGURING [18s][m[36D[1B[1m> root project[m[14D[1B[2A[1m<[0;32;1;0;39;1m-------------> 0% CONFIGURING [19s][m[36D[1B[1m> root project[m[14D[1B[2A[1m<[0;32;1;0;39;1m-------------> 0% CONFIGURING [19s][m[36D[1B[1m> root project[m[14D[1B[2A[1m<[0;32;1;0;39;1m-------------> 0% CONFIGURING [19s][m[36D[1B[1m> root project[m[14D[1B[2A[1m<[0;32;1;0;39;1m-------------> 0% CONFIGURING [19s][m[36D[1B[1m> root project[m[14D[1B[2A[1m<[0;32;1;0;39;1m-------------> 0% CONFIGURING [19s][m[36D[1B[1m> root project[m[14D[1B[2A[1m<[0;32;1;0;39;1m-------------> 0% CONFIGURING [19s][m[36D[1B[1m> root project[m[14D[1B[2A[1m<[0;32;1;0;39;1m-------------> 0% CONFIGURING [19s][m[36D[1B[1m> root project[m[14D[1B[2A[1m<[0;32;1;0;39;1m-------------> 0% CONFIGURING [19s][m[36D[1B[1m> root project[m[14D[1B[2A[1m<[0;32;1;0;39;1m-------------> 0% CONFIGURING [19s][m[36D[1B[1m> root project[m[14D[1B[2A[1m<[0;32;1;0;39;1m-------------> 0% CONFIGURING [19s][m[36D[1B[1m> root project[m[14D[1B[2A[1m<[0;32;1;0;39;1m-------------> 0% CONFIGURING [20s][m[36D[1B[1m> root project[m[14D[1B[2A[1m<[0;32;1;0;39;1m-------------> 0% CONFIGURING [20s][m[36D[1B[1m> root project[m[14D[1B[2A[1m<[0;32;1;0;39;1m-------------> 0% CONFIGURING [20s][m[36D[1B[1m> root project[m[14D[1B[2A[1m<[0;32;1;0;39;1m-------------> 0% CONFIGURING [20s][m[36D[1B[1m> root project[m[14D[1B[2A[1m<[0;32;1;0;39;1m-------------> 0% CONFIGURING [20s][m[36D[1B[1m> root project[m[14D[1B[2A[1m<[0;32;1;0;39;1m-------------> 0% CONFIGURING [20s][m[36D[1B[1m> root project[m[14D[1B[2A[1m<[0;32;1;0;39;1m-------------> 0% CONFIGURING [20s][m[36D[1B[1m> root project[m[14D[1B[2A[1m<[0;32;1;0;39;1m-------------> 0% CONFIGURING [20s][m[36D[1B[1m> root project[m[14D[1B[2A[1m<[0;32;1;0;39;1m-------------> 0% CONFIGURING [20s][m[36D[1B[1m> root project[m[14D[1B[2A[1m<[0;32;1;0;39;1m-------------> 0% CONFIGURING [20s][m[36D[1B[1m> root project[m[14D[1B[2A[1m<[0;32;1;0;39;1m-------------> 0% CONFIGURING [21s][m[36D[1B[1m> root project[m[14D[1B[2A[1m<[0;32;1;0;39;1m-------------> 0% CONFIGURING [21s][m[36D[1B[1m> root project[m[14D[1B[2A[1m<[0;32;1;0;39;1m-------------> 0% CONFIGURING [21s][m[36D[1B[1m> root project[m[14D[1B[2A[1m<[0;32;1;0;39;1m-------------> 0% CONFIGURING [21s][m[36D[1B[1m> root project[m[14D[1B[2A[1m<[0;32;1;0;39;1m-------------> 0% CONFIGURING [21s][m[36D[1B[1m> root project[m[14D[1B[2A[1m<[0;32;1;0;39;1m-------------> 0% CONFIGURING [21s][m[36D[1B[1m> root project[m[14D[1B[2A[1m<[0;32;1;0;39;1m-------------> 0% CONFIGURING [21s][m[36D[1B[1m> root project[m[14D[1B[2A[1m<[0;32;1;0;39;1m-------------> 0% CONFIGURING [21s][m[36D[1B[1m> root project[m[14D[1B[2A[1m<[0;32;1;0;39;1m-------------> 0% CONFIGURING [21s][m[36D[1B[1m> root project[m[14D[1B[2A[1m<[0;32;1;0;39;1m-------------> 0% CONFIGURING [21s][m[36D[1B[1m> root project[m[14D[1B[2A[1m<[0;32;1;0;39;1m-------------> 0% CONFIGURING [22s][m[36D[1B[1m> root project[m[14D[1B[2A[1m<[0;32;1;0;39;1m-------------> 0% CONFIGURING [22s][m[36D[1B[1m> root project[m[14D[1B[2A[1m<[0;32;1;0;39;1m-------------> 0% CONFIGURING [22s][m[36D[1B[1m> root project[m[14D[1B[2A[1m<[0;32;1;0;39;1m-------------> 0% CONFIGURING [22s][m[36D[1B[1m> root project[m[14D[1B[2A[1m<[0;32;1;0;39;1m-------------> 0% CONFIGURING [22s][m[36D[1B[1m> root project[m[14D[1B[2A[1m<[0;32;1;0;39;1m-------------> 0% CONFIGURING [22s][m[36D[1B[1m> root project[m[14D[1B[2A[1m<[0;32;1;0;39;1m-------------> 0% CONFIGURING [22s][m[36D[1B[1m> root project[m[14D[1B[2A[1m<[0;32;1;0;39;1m-------------> 0% CONFIGURING [22s][m[36D[1B[1m> root project[m[14D[1B[2A[1m<[0;32;1;0;39;1m-------------> 0% CONFIGURING [22s][m[36D[1B[1m> root project[m[14D[1B[2A[1m<[0;32;1;0;39;1m-------------> 0% CONFIGURING [22s][m[36D[1B[1m> root project[m[14D[1B[2A[1m<[0;32;1;0;39;1m-------------> 0% CONFIGURING [23s][m[36D[1B[1m> root project[m[14D[1B[2A[1m<[0;32;1;0;39;1m-------------> 0% CONFIGURING [23s][m[36D[1B[1m> root project[m[14D[1B[2A[1m<[0;32;1;0;39;1m-------------> 0% CONFIGURING [23s][m[36D[1B[1m> root project[m[14D[1B[2A[1m<[0;32;1;0;39;1m-------------> 0% CONFIGURING [23s][m[36D[1B[1m> root project[m[14D[1B[2A[1m<[0;32;1;0;39;1m-------------> 0% CONFIGURING [23s][m[36D[1B[1m> root project[m[14D[1B[2A[1m<[0;32;1;0;39;1m-------------> 0% CONFIGURING [23s][m[36D[1B[1m> root project[m[14D[1B[2A[1m<[0;32;1;0;39;1m-------------> 0% CONFIGURING [23s][m[36D[1B[1m> root project[m[14D[1B[2A[1m<[0;32;1;0;39;1m-------------> 0% CONFIGURING [23s][m[36D[1B[1m> root project[m[14D[1B[2A[1m<[0;32;1;0;39;1m-------------> 0% CONFIGURING [23s][m[36D[1B[1m> root project[m[14D[1B[2A[1m<[0;32;1;0;39;1m-------------> 0% CONFIGURING [23s][m[36D[1B[1m> root project[m[14D[1B[2A[1m<[0;32;1;0;39;1m-------------> 0% CONFIGURING [24s][m[36D[1B[1m> root project[m[14D[1B[2A[1m<[0;32;1;0;39;1m-------------> 0% CONFIGURING [24s][m[36D[1B[1m> root project[m[14D[1B[2A[1m<[0;32;1m=============[0;39;1m> 100% CONFIGURING [24s][m[38D[1B> IDLE[0K[6D[1B[2A[1m<[0;32;1m=============[0;39;1m> 100% CONFIGURING [24s][m[38D[2B[2A[1m<[0;32;1m=============[0;39;1m> 100% CONFIGURING [24s][m[38D[2B[2A[1m<[0;32;1m=============[0;39;1m> 100% CONFIGURING [24s][m[38D[2B[2A[1m<[0;32;1m=============[0;39;1m> 100% CONFIGURING [24s][m[38D[2B[2A[1m<[0;32;1m=============[0;39;1m> 100% CONFIGURING [24s][m[38D[2B[2A[1m<[0;32;1m=============[0;39;1m> 100% CONFIGURING [24s][m[38D[2B[2A[1m<[0;32;1m=============[0;39;1m> 100% CONFIGURING [24s][m[38D[2B[2A[1m<[0;32;1m=============[0;39;1m> 100% CONFIGURING [25s][m[38D[2B[2A[1m<[0;32;1m=============[0;39;1m> 100% CONFIGURING [25s][m[38D[2B[2A[1m<[0;32;1m=============[0;39;1m> 100% CONFIGURING [25s][m[38D[2B[2A[1m<[0;32;1m=============[0;39;1m> 100% CONFIGURING [25s][m[38D[2B[2A[1m<[0;32;1m=============[0;39;1m> 100% CONFIGURING [25s][m[38D[2B[2A[1m<[0;32;1m=============[0;39;1m> 100% CONFIGURING [25s][m[38D[2B[2A[1m<[0;32;1m=============[0;39;1m> 100% CONFIGURING [25s][m[38D[2B[2A[1m<[0;32;1m=============[0;39;1m> 100% CONFIGURING [25s][m[38D[2B[2A[1m<[0;32;1m=============[0;39;1m> 100% CONFIGURING [25s][m[38D[2B[2A[1m<[0;32;1m=============[0;39;1m> 100% CONFIGURING [25s][m[38D[2B[2A[1m<[0;32;1m=============[0;39;1m> 100% CONFIGURING [26s][m[38D[2B[2A[1m<[0;32;1m=============[0;39;1m> 100% CONFIGURING [26s][m[38D[2B[2A[1m<[0;32;1m=============[0;39;1m> 100% CONFIGURING [26s][m[38D[2B[2A[1m<[0;32;1m=============[0;39;1m> 100% CONFIGURING [26s][m[38D[2B[2A[1m<[0;32;1m=============[0;39;1m> 100% CONFIGURING [26s][m[38D[2B[2A[1m<[0;32;1m=============[0;39;1m> 100% CONFIGURING [26s][m[38D[2B[2A[1m<[0;32;1;0;39;1m-------------> 0% EXECUTING [26s][m[0K[34D[2B[2A[1m<[0;32;1;0;39;1m-------------> 2% EXECUTING [26s][m[34D[2B[2A[1m<[0;32;1;0;39;1m-------------> 2% EXECUTING [26s][m[34D[1B[1m> :preDebugBuild[m[16D[1B[2A[1m<[0;32;1m==[0;39;1m-----------> 17% EXECUTING [26s][m[35D[1B> IDLE[0K[6D[1B[2A[1m<[0;32;1m===[0;39;1m----------> 28% EXECUTING [27s][m[35D[1B[1m> :mergeDebugResources[m[22D[1B[2A[1m<[0;32;1m===[0;39;1m----------> 28% EXECUTING [27s][m[35D[1B[1m> :mergeDebugResources[m[22D[1B[2A[1m<[0;32;1m===[0;39;1m----------> 28% EXECUTING [27s][m[35D[1B[1m> :mergeDebugResources[m[22D[1B[2A[1m<[0;32;1m===[0;39;1m----------> 28% EXECUTING [27s][m[35D[1B[1m> :mergeDebugResources[m[22D[1B[2A[1m<[0;32;1m===[0;39;1m----------> 28% EXECUTING [27s][m[35D[1B[1m> :mergeDebugResources[m[22D[1B[2A[1m<[0;32;1m=====[0;39;1m--------> 40% EXECUTING [27s][m[35D[1B> IDLE[0K[6D[1B[2A[1m<[0;32;1m=====[0;39;1m--------> 40% EXECUTING [27s][m[35D[2B[2A[1m<[0;32;1m=====[0;39;1m--------> 40% EXECUTING [27s][m[35D[2B[2A[1m<[0;32;1m=====[0;39;1m--------> 40% EXECUTING [27s][m[35D[1B[1m> :processDebugResources[m[24D[1B[2A[1m<[0;32;1m=====[0;39;1m--------> 40% EXECUTING [27s][m[35D[1B[1m> :processDebugResources[m[24D[1B[2A[1m<[0;32;1m=====[0;39;1m--------> 40% EXECUTING [28s][m[35D[1B[1m> :processDebugResources[m[24D[1B[2A[1m<[0;32;1m=====[0;39;1m--------> 40% EXECUTING [28s][m[35D[1B[1m> :processDebugResources[m[24D[1B[2A[1m<[0;32;1m=====[0;39;1m--------> 40% EXECUTING [28s][m[35D[1B[1m> :processDebugResources[m[24D[1B[2A[1m<[0;32;1m=====[0;39;1m--------> 40% EXECUTING [28s][m[35D[1B[1m> :processDebugResources[m[24D[1B[2A[1m<[0;32;1m=====[0;39;1m--------> 40% EXECUTING [28s][m[35D[1B[1m> :processDebugResources[m[24D[1B[2A[1m<[0;32;1m======[0;39;1m-------> 48% EXECUTING [28s][m[35D[1B[1m> :compileDebugJavaWithJavac[m[28D[1B[2A[1m<[0;32;1m=======[0;39;1m------> 57% EXECUTING [28s][m[35D[1B> IDLE[0K[6D[1B[2A[1m<[0;32;1m========[0;39;1m-----> 65% EXECUTING [28s][m[35D[1B[1m> :mergeDebugAssets[m[19D[1B[2A[1m<[0;32;1m========[0;39;1m-----> 65% EXECUTING [28s][m[35D[1B[1m> :mergeDebugAssets[m[19D[1B[2A[1m<[0;32;1m========[0;39;1m-----> 65% EXECUTING [28s][m[35D[1B[1m> :mergeDebugAssets[m[19D[1B[2A[1m<[0;32;1m========[0;39;1m-----> 68% EXECUTING [29s][m[35D[1B[1m> :transformClassesWithDexBuilderForDebug[m[41D[1B[2A[1m<[0;32;1m==========[0;39;1m---> 77% EXECUTING [29s][m[35D[1B> IDLE[0K[6D[1B[2A[1m<[0;32;1m===========[0;39;1m--> 88% EXECUTING [29s][m[35D[1B[1m> :transformResourcesWithMergeJavaResForDebug[m[45D[1B[2A[1m<[0;32;1m============[0;39;1m-> 94% EXECUTING [29s][m[35D[1B[1m> :packageDebug[m[0K[15D[1B[2A[1m<[0;32;1m============[0;39;1m-> 94% EXECUTING [29s][m[35D[1B[1m> :packageDebug[m[15D[1B[2A[1m<[0;32;1m============[0;39;1m-> 94% EXECUTING [29s][m[35D[1B[1m> :packageDebug[m[15D[1B[2A[1m<[0;32;1m============[0;39;1m-> 94% EXECUTING [29s][m[35D[1B[1m> :packageDebug[m[15D[1B[2A[1m<[0;32;1m============[0;39;1m-> 94% EXECUTING [29s][m[35D[1B[1m> :packageDebug[m[15D[1B[2A[1m<[0;32;1m============[0;39;1m-> 94% EXECUTING [29s][m[35D[1B[1m> :packageDebug[m[15D[1B[2A[1m<[0;32;1m============[0;39;1m-> 94% EXECUTING [29s][m[35D[1B[1m> :packageDebug[m[15D[1B[2A[1m<[0;32;1m============[0;39;1m-> 94% EXECUTING [30s][m[35D[1B[1m> :packageDebug[m[15D[1B[2A[1m<[0;32;1m============[0;39;1m-> 94% EXECUTING [30s][m[35D[1B[1m> :packageDebug[m[15D[1B[2A[1m<[0;32;1m============[0;39;1m-> 94% EXECUTING [30s][m[35D[1B[1m> :packageDebug[m[15D[1B[2A[1m<[0;32;1m============[0;39;1m-> 94% EXECUTING [30s][m[35D[1B[1m> :packageDebug[m[15D[1B[2A[1m<[0;32;1m============[0;39;1m-> 94% EXECUTING [30s][m[35D[1B[1m> :packageDebug[m[15D[1B[2A[1m<[0;32;1m============[0;39;1m-> 94% EXECUTING [30s][m[35D[1B[1m> :packageDebug[m[15D[1B[2A[1m<[0;32;1m============[0;39;1m-> 94% EXECUTING [30s][m[35D[1B[1m> :packageDebug[m[15D[1B[2A[1m<[0;32;1m============[0;39;1m-> 94% EXECUTING [30s][m[35D[1B[1m> :packageDebug[m[15D[1B[2A[1m<[0;32;1m============[0;39;1m-> 94% EXECUTING [30s][m[35D[1B[1m> :packageDebug[m[15D[1B[2A[1m<[0;32;1m============[0;39;1m-> 94% EXECUTING [30s][m[35D[1B[1m> :packageDebug[m[15D[1B[2A[1m<[0;32;1m============[0;39;1m-> 94% EXECUTING [31s][m[35D[1B[1m> :packageDebug[m[15D[1B[2A[1m<[0;32;1m============[0;39;1m-> 94% EXECUTING [31s][m[35D[1B[1m> :packageDebug[m[15D[1B[2A[1m<[0;32;1m============[0;39;1m-> 94% EXECUTING [31s][m[35D[1B[1m> :packageDebug[m[15D[1B[2A[1m<[0;32;1m============[0;39;1m-> 94% EXECUTING [31s][m[35D[1B[1m> :packageDebug[m[15D[1B[2A[1m<[0;32;1m============[0;39;1m-> 94% EXECUTING [31s][m[35D[1B[1m> :packageDebug[m[15D[1B[2A[1m<[0;32;1m============[0;39;1m-> 94% EXECUTING [31s][m[35D[1B[1m> :packageDebug[m[15D[1B[2A[0K
[1m[90m[DEBUG][39m[0m:   	[32;1mBUILD SUCCESSFUL[0;39m in 1m 23s
[1m[90m[DEBUG][39m[0m:   	27 actionable tasks: 4 executed, 23 up-to-date
[1m[90m[DEBUG][39m[0m:   	[0K
[1m[90m[DEBUG][39m[0m:   	[0K
[1m[90m[DEBUG][39m[0m:   	[2A[1m<[0;32;1;0;39;1m-------------> 0% WAITING[m[26D[1B> IDLE[6D[1B[2A[1m<[0;32;1;0;39;1m-------------> 0% WAITING[m[26D[2B[2A[1m<[0;32;1;0;39;1m-------------> 0% WAITING[m[26D[2B[2A[1m<[0;32;1;0;39;1m-------------> 0% WAITING[m[26D[2B[2A[1m<[0;32;1;0;39;1m-------------> 0% WAITING[m[26D[2B[2A[2K[1B[2K[1A[0m
[1m[INFO][0m:    [36m<- directory context /mnt/c/Users/caver/Documents/GitHub/sign-in/.buildozer/android/platform/python-for-android[39m
[1m[INFO][0m:    [1m[32m# Copying APK to current directory[0m[39m
[1m[INFO][0m:    [1m[32m# APK filename not found in build output. Guessing...[0m[39m
[1m[INFO][0m:    [1m[32m# Found APK file: /mnt/c/Users/caver/Documents/GitHub/sign-in/.buildozer/android/platform/build/dists/signin/build/outputs/apk/debug/signin-debug.apk[0m[39m
[1m[INFO][0m:    # Add version number to APK
[1m[INFO][0m:    # APK renamed to signin-1.0-debug.apk
[1m[90m[DEBUG][39m[0m:   [90m->[0m running cp /mnt/c/Users/caver/Documents/GitHub/sign-in/.buildozer/android/platform/build/dists/signin/build/outputs/apk/debug/signin-debug.apk signin-1.0-debug.apk[0m
WARNING: Received a --sdk argument, but this argument is deprecated and does nothing.
No compiled python is present to zip, skipping.
No setup.py/pyproject.toml used, copying full private data into .apk.
Applying Java source code patches...
Applying patch: src/patches/SDLActivity.java.patch
Warning: failed to apply patch (exit code 1), assuming it is already applied: src/patches/SDLActivity.java.patch
# Android packaging done!
# APK signin-1.0-debug.apk available in the bin directory
# Run '/home/tom/.buildozer/android/platform/android-sdk/platform-tools/adb devices'
# Cwd None
List of devices attached
08c8de42	device

# Deploy on 08c8de42
# Run '/home/tom/.buildozer/android/platform/android-sdk/platform-tools/adb install -r "/mnt/c/Users/caver/Documents/GitHub/sign-in/bin/signin-1.0-debug.apk"'
# Cwd /home/tom/.buildozer/android/platform
Performing Streamed Install
Success
# Application pushed.
# Run on 08c8de42
# Run '/home/tom/.buildozer/android/platform/android-sdk/platform-tools/adb shell am start -n org.test.signin/org.kivy.android.PythonActivity -a org.kivy.android.PythonActivity'
# Cwd /home/tom/.buildozer/android/platform
Starting: Intent { act=org.kivy.android.PythonActivity cmp=org.test.signin/org.kivy.android.PythonActivity }
# Application started.
